<?xml version="1.0" encoding="UTF-8"?>
<testsuite xmlns:xsi="http://www.w3.org/2001/XMLSchema-instance" xsi:schemaLocation="https://maven.apache.org/surefire/maven-surefire-plugin/xsd/surefire-test-report.xsd" name="com.infinilabs.pinyin.analysis.PinyinAnalysisTest" time="1.197" tests="19" errors="0" skipped="0" failures="0">
  <properties>
[...]
</properties>
  <testcase name="testTokenFilter" classname="com.infinilabs.pinyin.analysis.PinyinAnalysisTest" time="1.125"/>
  <testcase name="TestTokenizer" classname="com.infinilabs.pinyin.analysis.PinyinAnalysisTest" time="0.035"/>
  <testcase name="TestFirstLetters" classname="com.infinilabs.pinyin.analysis.PinyinAnalysisTest" time="0.001"/>
  <testcase name="TestOnlyLetters" classname="com.infinilabs.pinyin.analysis.PinyinAnalysisTest" time="0.004"/>
  <testcase name="TestFullJoinedPinyin" classname="com.infinilabs.pinyin.analysis.PinyinAnalysisTest" time="0.001"/>
  <testcase name="TestMixedPinyinTokenizer" classname="com.infinilabs.pinyin.analysis.PinyinAnalysisTest" time="0.004"/>
  <testcase name="TestMixedPinyinTokenizer2" classname="com.infinilabs.pinyin.analysis.PinyinAnalysisTest" time="0.005"/>
  <testcase name="TestPinyinTokenizerOffset" classname="com.infinilabs.pinyin.analysis.PinyinAnalysisTest" time="0.002"/>
  <testcase name="TestPinyinFunction" classname="com.infinilabs.pinyin.analysis.PinyinAnalysisTest" time="0"/>
  <testcase name="TestPinyinTokenize" classname="com.infinilabs.pinyin.analysis.PinyinAnalysisTest" time="0.001"/>
  <testcase name="TestPinyinPosition1" classname="com.infinilabs.pinyin.analysis.PinyinAnalysisTest" time="0.001"/>
  <testcase name="TestPinyinPosition2" classname="com.infinilabs.pinyin.analysis.PinyinAnalysisTest" time="0.001"/>
  <testcase name="TestPinyinPosition3" classname="com.infinilabs.pinyin.analysis.PinyinAnalysisTest" time="0.005"/>
  <testcase name="TestPinyinPosition4" classname="com.infinilabs.pinyin.analysis.PinyinAnalysisTest" time="0.002"/>
  <testcase name="TestPinyin" classname="com.infinilabs.pinyin.analysis.PinyinAnalysisTest" time="0"/>
  <testcase name="TestOnlyFirstLetterTokenizer" classname="com.infinilabs.pinyin.analysis.PinyinAnalysisTest" time="0.002"/>
  <testcase name="TestPinyinTokenizerOffsetWithExtraTerms" classname="com.infinilabs.pinyin.analysis.PinyinAnalysisTest" time="0.001"/>
  <testcase name="TestPinyinTokenizerFixedOffset" classname="com.infinilabs.pinyin.analysis.PinyinAnalysisTest" time="0.002"/>
  <testcase name="TestPinyinPositionWithNonChinese" classname="com.infinilabs.pinyin.analysis.PinyinAnalysisTest" time="0.002"/>
</testsuite>